[0.054s] DEBUG:colcon:Command line arguments: ['/usr/bin/colcon', 'build', '--symlink-install']
[0.054s] DEBUG:colcon:Parsed command line arguments: Namespace(log_base=None, log_level=None, verb_name='build', build_base='build', install_base='install', merge_install=False, symlink_install=True, test_result_base=None, continue_on_error=False, executor='parallel', parallel_workers=2, event_handlers=None, ignore_user_meta=False, metas=['./colcon.meta'], base_paths=['.'], packages_ignore=None, packages_ignore_regex=None, paths=None, packages_up_to=None, packages_up_to_regex=None, packages_above=None, packages_above_and_dependencies=None, packages_above_depth=None, packages_select_by_dep=None, packages_skip_by_dep=None, packages_skip_up_to=None, packages_select_build_failed=False, packages_skip_build_finished=False, packages_select_test_failures=False, packages_skip_test_passed=False, packages_select=None, packages_skip=None, packages_select_regex=None, packages_skip_regex=None, packages_start=None, packages_end=None, allow_overriding=[], cmake_args=None, cmake_target=None, cmake_target_skip_unavailable=False, cmake_clean_cache=False, cmake_clean_first=False, cmake_force_configure=False, ament_cmake_args=None, catkin_cmake_args=None, catkin_skip_building_tests=False, mixin_files=None, mixin=None, verb_parser=<colcon_mixin.mixin.mixin_argument.MixinArgumentDecorator object at 0xea9df8903da0>, verb_extension=<colcon_core.verb.build.BuildVerb object at 0xea9df8903ad0>, main=<bound method BuildVerb.main of <colcon_core.verb.build.BuildVerb object at 0xea9df8903ad0>>, mixin_verb=('build',))
[0.068s] Level 1:colcon.colcon_core.package_discovery:discover_packages(colcon_meta) check parameters
[0.068s] Level 1:colcon.colcon_core.package_discovery:discover_packages(recursive) check parameters
[0.068s] Level 1:colcon.colcon_core.package_discovery:discover_packages(ignore) check parameters
[0.068s] Level 1:colcon.colcon_core.package_discovery:discover_packages(path) check parameters
[0.068s] Level 1:colcon.colcon_core.package_discovery:discover_packages(colcon_meta) discover
[0.068s] Level 1:colcon.colcon_core.package_discovery:discover_packages(recursive) discover
[0.068s] INFO:colcon.colcon_core.package_discovery:Crawling recursively for packages in '/home/dev/ros2/dd_bot'
[0.068s] Level 1:colcon.colcon_core.package_identification:_identify(.) by extensions ['ignore', 'ignore_ament_install']
[0.068s] Level 1:colcon.colcon_core.package_identification:_identify(.) by extension 'ignore'
[0.068s] Level 1:colcon.colcon_core.package_identification:_identify(.) by extension 'ignore_ament_install'
[0.069s] Level 1:colcon.colcon_core.package_identification:_identify(.) by extensions ['colcon_pkg']
[0.069s] Level 1:colcon.colcon_core.package_identification:_identify(.) by extension 'colcon_pkg'
[0.069s] Level 1:colcon.colcon_core.package_identification:_identify(.) by extensions ['colcon_meta']
[0.069s] Level 1:colcon.colcon_core.package_identification:_identify(.) by extension 'colcon_meta'
[0.069s] Level 1:colcon.colcon_core.package_identification:_identify(.) by extensions ['ros']
[0.069s] Level 1:colcon.colcon_core.package_identification:_identify(.) by extension 'ros'
[0.080s] DEBUG:colcon.colcon_core.package_identification:Package '.' with type 'ros.ament_python' and name 'dd_bot'
[0.080s] Level 1:colcon.colcon_core.package_discovery:discover_packages(recursive) using defaults
[0.080s] Level 1:colcon.colcon_core.package_discovery:discover_packages(ignore) discover
[0.080s] Level 1:colcon.colcon_core.package_discovery:discover_packages(ignore) using defaults
[0.080s] Level 1:colcon.colcon_core.package_discovery:discover_packages(path) discover
[0.080s] Level 1:colcon.colcon_core.package_discovery:discover_packages(path) using defaults
[0.087s] Level 1:colcon.colcon_core.package_discovery:discover_packages(prefix_path) check parameters
[0.087s] Level 1:colcon.colcon_core.package_discovery:discover_packages(prefix_path) discover
[0.087s] DEBUG:colcon.colcon_installed_package_information.package_discovery:Found 1 installed packages in /home/dev/ros2/install
[0.088s] DEBUG:colcon.colcon_installed_package_information.package_discovery:Found 286 installed packages in /opt/ros/jazzy
[0.088s] Level 1:colcon.colcon_core.package_discovery:discover_packages(prefix_path) using defaults
[0.103s] Level 5:colcon.colcon_core.verb:set package 'dd_bot' build argument 'cmake_args' from command line to 'None'
[0.103s] Level 5:colcon.colcon_core.verb:set package 'dd_bot' build argument 'cmake_target' from command line to 'None'
[0.103s] Level 5:colcon.colcon_core.verb:set package 'dd_bot' build argument 'cmake_target_skip_unavailable' from command line to 'False'
[0.103s] Level 5:colcon.colcon_core.verb:set package 'dd_bot' build argument 'cmake_clean_cache' from command line to 'False'
[0.103s] Level 5:colcon.colcon_core.verb:set package 'dd_bot' build argument 'cmake_clean_first' from command line to 'False'
[0.103s] Level 5:colcon.colcon_core.verb:set package 'dd_bot' build argument 'cmake_force_configure' from command line to 'False'
[0.103s] Level 5:colcon.colcon_core.verb:set package 'dd_bot' build argument 'ament_cmake_args' from command line to 'None'
[0.103s] Level 5:colcon.colcon_core.verb:set package 'dd_bot' build argument 'catkin_cmake_args' from command line to 'None'
[0.103s] Level 5:colcon.colcon_core.verb:set package 'dd_bot' build argument 'catkin_skip_building_tests' from command line to 'False'
[0.103s] DEBUG:colcon.colcon_core.verb:Building package 'dd_bot' with the following arguments: {'ament_cmake_args': None, 'build_base': '/home/dev/ros2/dd_bot/build/dd_bot', 'catkin_cmake_args': None, 'catkin_skip_building_tests': False, 'cmake_args': None, 'cmake_clean_cache': False, 'cmake_clean_first': False, 'cmake_force_configure': False, 'cmake_target': None, 'cmake_target_skip_unavailable': False, 'install_base': '/home/dev/ros2/dd_bot/install/dd_bot', 'merge_install': False, 'path': '/home/dev/ros2/dd_bot', 'symlink_install': True, 'test_result_base': None}
[0.103s] INFO:colcon.colcon_core.executor:Executing jobs using 'parallel' executor
[0.103s] DEBUG:colcon.colcon_parallel_executor.executor.parallel:run_until_complete
[0.104s] INFO:colcon.colcon_ros.task.ament_python.build:Building ROS package in '/home/dev/ros2/dd_bot' with build type 'ament_python'
[0.104s] Level 1:colcon.colcon_core.shell:create_environment_hook('dd_bot', 'ament_prefix_path')
[0.104s] INFO:colcon.colcon_core.plugin_system:Skipping extension 'colcon_core.shell.bat': Not used on non-Windows systems
[0.104s] INFO:colcon.colcon_core.shell:Creating environment hook '/home/dev/ros2/dd_bot/install/dd_bot/share/dd_bot/hook/ament_prefix_path.ps1'
[0.105s] INFO:colcon.colcon_core.shell:Creating environment descriptor '/home/dev/ros2/dd_bot/install/dd_bot/share/dd_bot/hook/ament_prefix_path.dsv'
[0.105s] INFO:colcon.colcon_core.shell:Creating environment hook '/home/dev/ros2/dd_bot/install/dd_bot/share/dd_bot/hook/ament_prefix_path.sh'
[0.105s] INFO:colcon.colcon_core.shell:Skip shell extension 'powershell' for command environment: Not usable outside of PowerShell
[0.105s] DEBUG:colcon.colcon_core.shell:Skip shell extension 'dsv' for command environment
[0.183s] INFO:colcon.colcon_core.task.python.build:Building Python package in '/home/dev/ros2/dd_bot'
[0.183s] INFO:colcon.colcon_core.shell:Skip shell extension 'powershell' for command environment: Not usable outside of PowerShell
[0.183s] DEBUG:colcon.colcon_core.shell:Skip shell extension 'dsv' for command environment
[0.375s] DEBUG:colcon.colcon_core.event_handler.log_command:Invoking command in '/home/dev/ros2/dd_bot/build/dd_bot': DEBUGINFOD_URLS=https://debuginfod.ubuntu.com PYTHONPATH=/home/dev/ros2/dd_bot/build/dd_bot/prefix_override:/usr/lib/python3/dist-packages/colcon_core/task/python/colcon_distutils_commands:/home/dev/ros2/dd_bot/install/dd_bot/lib/python3.12/site-packages:${PYTHONPATH} /usr/bin/python3 -W ignore:setup.py install is deprecated -W ignore:easy_install command is deprecated setup.py develop --editable --build-directory /home/dev/ros2/dd_bot/build/dd_bot/build --no-deps symlink_data
[0.583s] Level 1:colcon.colcon_core.shell:create_environment_hook('dd_bot', 'pythonpath_develop')
[0.583s] DEBUG:colcon.colcon_core.event_handler.log_command:Invoked command in '/home/dev/ros2/dd_bot/build/dd_bot' returned '0': DEBUGINFOD_URLS=https://debuginfod.ubuntu.com PYTHONPATH=/home/dev/ros2/dd_bot/build/dd_bot/prefix_override:/usr/lib/python3/dist-packages/colcon_core/task/python/colcon_distutils_commands:/home/dev/ros2/dd_bot/install/dd_bot/lib/python3.12/site-packages:${PYTHONPATH} /usr/bin/python3 -W ignore:setup.py install is deprecated -W ignore:easy_install command is deprecated setup.py develop --editable --build-directory /home/dev/ros2/dd_bot/build/dd_bot/build --no-deps symlink_data
[0.583s] INFO:colcon.colcon_core.shell:Creating environment hook '/home/dev/ros2/dd_bot/build/dd_bot/share/dd_bot/hook/pythonpath_develop.ps1'
[0.583s] INFO:colcon.colcon_core.shell:Creating environment descriptor '/home/dev/ros2/dd_bot/build/dd_bot/share/dd_bot/hook/pythonpath_develop.dsv'
[0.583s] INFO:colcon.colcon_core.shell:Creating environment hook '/home/dev/ros2/dd_bot/build/dd_bot/share/dd_bot/hook/pythonpath_develop.sh'
[0.584s] Level 1:colcon.colcon_core.environment:checking '/home/dev/ros2/dd_bot/install/dd_bot' for CMake module files
[0.584s] Level 1:colcon.colcon_core.environment:checking '/home/dev/ros2/dd_bot/install/dd_bot' for CMake config files
[0.584s] Level 1:colcon.colcon_core.environment:checking '/home/dev/ros2/dd_bot/install/dd_bot/lib'
[0.584s] Level 1:colcon.colcon_core.environment:checking '/home/dev/ros2/dd_bot/install/dd_bot/bin'
[0.584s] Level 1:colcon.colcon_core.environment:checking '/home/dev/ros2/dd_bot/install/dd_bot/lib/pkgconfig/dd_bot.pc'
[0.584s] Level 1:colcon.colcon_core.environment:checking '/home/dev/ros2/dd_bot/install/dd_bot/lib/python3.12/site-packages'
[0.584s] Level 1:colcon.colcon_core.shell:create_environment_hook('dd_bot', 'pythonpath')
[0.585s] INFO:colcon.colcon_core.shell:Creating environment hook '/home/dev/ros2/dd_bot/install/dd_bot/share/dd_bot/hook/pythonpath.ps1'
[0.585s] INFO:colcon.colcon_core.shell:Creating environment descriptor '/home/dev/ros2/dd_bot/install/dd_bot/share/dd_bot/hook/pythonpath.dsv'
[0.585s] INFO:colcon.colcon_core.shell:Creating environment hook '/home/dev/ros2/dd_bot/install/dd_bot/share/dd_bot/hook/pythonpath.sh'
[0.585s] Level 1:colcon.colcon_core.environment:checking '/home/dev/ros2/dd_bot/install/dd_bot/bin'
[0.585s] Level 1:colcon.colcon_core.environment:create_environment_scripts_only(dd_bot)
[0.585s] INFO:colcon.colcon_core.shell:Creating package script '/home/dev/ros2/dd_bot/install/dd_bot/share/dd_bot/package.ps1'
[0.585s] INFO:colcon.colcon_core.shell:Creating package descriptor '/home/dev/ros2/dd_bot/install/dd_bot/share/dd_bot/package.dsv'
[0.585s] INFO:colcon.colcon_core.shell:Creating package script '/home/dev/ros2/dd_bot/install/dd_bot/share/dd_bot/package.sh'
[0.586s] INFO:colcon.colcon_core.shell:Creating package script '/home/dev/ros2/dd_bot/install/dd_bot/share/dd_bot/package.bash'
[0.586s] INFO:colcon.colcon_core.shell:Creating package script '/home/dev/ros2/dd_bot/install/dd_bot/share/dd_bot/package.zsh'
[0.586s] Level 1:colcon.colcon_core.environment:create_file_with_runtime_dependencies(/home/dev/ros2/dd_bot/install/dd_bot/share/colcon-core/packages/dd_bot)
[0.586s] DEBUG:colcon.colcon_parallel_executor.executor.parallel:closing loop
[0.586s] DEBUG:colcon.colcon_parallel_executor.executor.parallel:loop closed
[0.586s] DEBUG:colcon.colcon_parallel_executor.executor.parallel:run_until_complete finished with '0'
[0.586s] DEBUG:colcon.colcon_core.event_reactor:joining thread
[0.588s] INFO:colcon.colcon_core.plugin_system:Skipping extension 'colcon_notification.desktop_notification.terminal_notifier': Not used on non-Darwin systems
[0.588s] INFO:colcon.colcon_core.plugin_system:Skipping extension 'colcon_notification.desktop_notification.win32': Not used on non-Windows systems
[0.588s] INFO:colcon.colcon_notification.desktop_notification:Sending desktop notification using 'notify2'
[0.605s] DEBUG:colcon.colcon_core.event_reactor:joined thread
[0.605s] INFO:colcon.colcon_core.shell:Creating prefix script '/home/dev/ros2/dd_bot/install/local_setup.ps1'
[0.606s] INFO:colcon.colcon_core.shell:Creating prefix util module '/home/dev/ros2/dd_bot/install/_local_setup_util_ps1.py'
[0.606s] INFO:colcon.colcon_core.shell:Creating prefix chain script '/home/dev/ros2/dd_bot/install/setup.ps1'
[0.606s] INFO:colcon.colcon_core.shell:Creating prefix script '/home/dev/ros2/dd_bot/install/local_setup.sh'
[0.607s] INFO:colcon.colcon_core.shell:Creating prefix util module '/home/dev/ros2/dd_bot/install/_local_setup_util_sh.py'
[0.607s] INFO:colcon.colcon_core.shell:Creating prefix chain script '/home/dev/ros2/dd_bot/install/setup.sh'
[0.607s] INFO:colcon.colcon_core.shell:Creating prefix script '/home/dev/ros2/dd_bot/install/local_setup.bash'
[0.607s] INFO:colcon.colcon_core.shell:Creating prefix chain script '/home/dev/ros2/dd_bot/install/setup.bash'
[0.609s] INFO:colcon.colcon_core.shell:Creating prefix script '/home/dev/ros2/dd_bot/install/local_setup.zsh'
[0.609s] INFO:colcon.colcon_core.shell:Creating prefix chain script '/home/dev/ros2/dd_bot/install/setup.zsh'
